Release 14.1 - xst P.15xf (nt64)
Copyright (c) 1995-2012 Xilinx, Inc.  All rights reserved.
--> Parameter TMPDIR set to xst/projnav.tmp


Total REAL time to Xst completion: 0.00 secs
Total CPU time to Xst completion: 0.09 secs
 
--> Parameter xsthdpdir set to xst


Total REAL time to Xst completion: 0.00 secs
Total CPU time to Xst completion: 0.09 secs
 
--> Reading design: Mult_with_Adders.prj

TABLE OF CONTENTS
  1) Synthesis Options Summary
  2) HDL Compilation
  3) Design Hierarchy Analysis
  4) HDL Analysis
  5) HDL Synthesis
     5.1) HDL Synthesis Report
  6) Advanced HDL Synthesis
     6.1) Advanced HDL Synthesis Report
  7) Low Level Synthesis
  8) Partition Report
  9) Final Report
	9.1) Device utilization summary
	9.2) Partition Resource Summary
	9.3) TIMING REPORT


=========================================================================
*                      Synthesis Options Summary                        *
=========================================================================
---- Source Parameters
Input File Name                    : "Mult_with_Adders.prj"
Input Format                       : mixed
Ignore Synthesis Constraint File   : NO

---- Target Parameters
Output File Name                   : "Mult_with_Adders"
Output Format                      : NGC
Target Device                      : xc3s1000-5-ft256

---- Source Options
Top Module Name                    : Mult_with_Adders
Automatic FSM Extraction           : YES
FSM Encoding Algorithm             : Auto
Safe Implementation                : No
FSM Style                          : LUT
RAM Extraction                     : Yes
RAM Style                          : Auto
ROM Extraction                     : Yes
Mux Style                          : Auto
Decoder Extraction                 : YES
Priority Encoder Extraction        : Yes
Shift Register Extraction          : YES
Logical Shifter Extraction         : YES
XOR Collapsing                     : YES
ROM Style                          : Auto
Mux Extraction                     : Yes
Resource Sharing                   : YES
Asynchronous To Synchronous        : NO
Multiplier Style                   : Auto
Automatic Register Balancing       : No

---- Target Options
Add IO Buffers                     : YES
Global Maximum Fanout              : 100000
Add Generic Clock Buffer(BUFG)     : 8
Register Duplication               : YES
Slice Packing                      : YES
Optimize Instantiated Primitives   : NO
Use Clock Enable                   : Yes
Use Synchronous Set                : Yes
Use Synchronous Reset              : Yes
Pack IO Registers into IOBs        : Auto
Equivalent register Removal        : YES

---- General Options
Optimization Goal                  : Speed
Optimization Effort                : 1
Keep Hierarchy                     : No
Netlist Hierarchy                  : As_Optimized
RTL Output                         : Yes
Global Optimization                : AllClockNets
Read Cores                         : YES
Write Timing Constraints           : NO
Cross Clock Analysis               : NO
Hierarchy Separator                : /
Bus Delimiter                      : <>
Case Specifier                     : Maintain
Slice Utilization Ratio            : 100
BRAM Utilization Ratio             : 100
Verilog 2001                       : YES
Auto BRAM Packing                  : NO
Slice Utilization Ratio Delta      : 5

=========================================================================


=========================================================================
*                          HDL Compilation                              *
=========================================================================
Compiling vhdl file "C:/hlocal/Lab3/adder8bits.vhd" in Library work.
Architecture rtl of Entity adder8b is up to date.
Compiling vhdl file "C:/hlocal/Lab3/register8bits.vhd" in Library work.
Architecture arch_asyn of Entity register8bits is up to date.
Compiling vhdl file "C:/hlocal/Lab3/Mult_with_Adders.vhd" in Library work.
Entity <mult_with_adders> compiled.
Entity <mult_with_adders> (Architecture <behavioral>) compiled.

=========================================================================
*                     Design Hierarchy Analysis                         *
=========================================================================
Analyzing hierarchy for entity <Mult_with_Adders> in library <work> (architecture <behavioral>).

Analyzing hierarchy for entity <adder8b> in library <work> (architecture <rtl>).

Analyzing hierarchy for entity <register8bits> in library <work> (architecture <arch_asyn>).


=========================================================================
*                            HDL Analysis                               *
=========================================================================
Analyzing Entity <Mult_with_Adders> in library <work> (Architecture <behavioral>).
Entity <Mult_with_Adders> analyzed. Unit <Mult_with_Adders> generated.

Analyzing Entity <adder8b> in library <work> (Architecture <rtl>).
Entity <adder8b> analyzed. Unit <adder8b> generated.

Analyzing Entity <register8bits> in library <work> (Architecture <arch_asyn>).
Entity <register8bits> analyzed. Unit <register8bits> generated.


=========================================================================
*                           HDL Synthesis                               *
=========================================================================

Performing bidirectional port resolution...

Synthesizing Unit <adder8b>.
    Related source file is "C:/hlocal/Lab3/adder8bits.vhd".
    Found 8-bit adder for signal <c_u>.
    Summary:
	inferred   1 Adder/Subtractor(s).
Unit <adder8b> synthesized.


Synthesizing Unit <register8bits>.
    Related source file is "C:/hlocal/Lab3/register8bits.vhd".
    Found 8-bit register for signal <O>.
    Summary:
	inferred   8 D-type flip-flop(s).
Unit <register8bits> synthesized.


Synthesizing Unit <Mult_with_Adders>.
    Related source file is "C:/hlocal/Lab3/Mult_with_Adders.vhd".
Unit <Mult_with_Adders> synthesized.


=========================================================================
HDL Synthesis Report

Macro Statistics
# Adders/Subtractors                                   : 3
 8-bit adder                                           : 3
# Registers                                            : 5
 8-bit register                                        : 5

=========================================================================

=========================================================================
*                       Advanced HDL Synthesis                          *
=========================================================================

WARNING:Xst:1710 - FF/Latch <O_0> (without init value) has a constant value of 0 in block <mod_register8bits1>. This FF/Latch will be trimmed during the optimization process.
WARNING:Xst:1710 - FF/Latch <O_1> (without init value) has a constant value of 0 in block <mod_register8bits1>. This FF/Latch will be trimmed during the optimization process.
WARNING:Xst:1710 - FF/Latch <O_6> (without init value) has a constant value of 0 in block <mod_register8bits1>. This FF/Latch will be trimmed during the optimization process.
WARNING:Xst:1710 - FF/Latch <O_7> (without init value) has a constant value of 0 in block <mod_register8bits1>. This FF/Latch will be trimmed during the optimization process.
WARNING:Xst:1710 - FF/Latch <O_0> (without init value) has a constant value of 0 in block <mod_register8bits3>. This FF/Latch will be trimmed during the optimization process.
WARNING:Xst:1710 - FF/Latch <O_1> (without init value) has a constant value of 0 in block <mod_register8bits3>. This FF/Latch will be trimmed during the optimization process.
WARNING:Xst:1710 - FF/Latch <O_2> (without init value) has a constant value of 0 in block <mod_register8bits3>. This FF/Latch will be trimmed during the optimization process.
WARNING:Xst:1710 - FF/Latch <O_7> (without init value) has a constant value of 0 in block <mod_register8bits3>. This FF/Latch will be trimmed during the optimization process.
WARNING:Xst:1710 - FF/Latch <O_0> (without init value) has a constant value of 0 in block <mod_register8bits4>. This FF/Latch will be trimmed during the optimization process.
WARNING:Xst:1710 - FF/Latch <O_1> (without init value) has a constant value of 0 in block <mod_register8bits4>. This FF/Latch will be trimmed during the optimization process.
WARNING:Xst:1710 - FF/Latch <O_2> (without init value) has a constant value of 0 in block <mod_register8bits4>. This FF/Latch will be trimmed during the optimization process.
WARNING:Xst:1710 - FF/Latch <O_7> (without init value) has a constant value of 0 in block <mod_register8bits4>. This FF/Latch will be trimmed during the optimization process.

=========================================================================
Advanced HDL Synthesis Report

Macro Statistics
# Adders/Subtractors                                   : 3
 8-bit adder                                           : 3
# Registers                                            : 40
 Flip-Flops                                            : 40

=========================================================================

=========================================================================
*                         Low Level Synthesis                           *
=========================================================================

Optimizing unit <Mult_with_Adders> ...

Optimizing unit <register8bits> ...
WARNING:Xst:1710 - FF/Latch <mod_register8bits3/O_7> (without init value) has a constant value of 0 in block <Mult_with_Adders>. This FF/Latch will be trimmed during the optimization process.
WARNING:Xst:1895 - Due to other FF/Latch trimming, FF/Latch <mod_register8bits3/O_2> (without init value) has a constant value of 0 in block <Mult_with_Adders>. This FF/Latch will be trimmed during the optimization process.
WARNING:Xst:1895 - Due to other FF/Latch trimming, FF/Latch <mod_register8bits3/O_1> (without init value) has a constant value of 0 in block <Mult_with_Adders>. This FF/Latch will be trimmed during the optimization process.
WARNING:Xst:1895 - Due to other FF/Latch trimming, FF/Latch <mod_register8bits3/O_0> (without init value) has a constant value of 0 in block <Mult_with_Adders>. This FF/Latch will be trimmed during the optimization process.
WARNING:Xst:1895 - Due to other FF/Latch trimming, FF/Latch <mod_register8bits2/O_7> (without init value) has a constant value of 0 in block <Mult_with_Adders>. This FF/Latch will be trimmed during the optimization process.
WARNING:Xst:1895 - Due to other FF/Latch trimming, FF/Latch <mod_register8bits2/O_6> (without init value) has a constant value of 0 in block <Mult_with_Adders>. This FF/Latch will be trimmed during the optimization process.
WARNING:Xst:1895 - Due to other FF/Latch trimming, FF/Latch <mod_register8bits1/O_7> (without init value) has a constant value of 0 in block <Mult_with_Adders>. This FF/Latch will be trimmed during the optimization process.
WARNING:Xst:1895 - Due to other FF/Latch trimming, FF/Latch <mod_register8bits1/O_6> (without init value) has a constant value of 0 in block <Mult_with_Adders>. This FF/Latch will be trimmed during the optimization process.
WARNING:Xst:1895 - Due to other FF/Latch trimming, FF/Latch <mod_register8bits1/O_1> (without init value) has a constant value of 0 in block <Mult_with_Adders>. This FF/Latch will be trimmed during the optimization process.
WARNING:Xst:1895 - Due to other FF/Latch trimming, FF/Latch <mod_register8bits1/O_0> (without init value) has a constant value of 0 in block <Mult_with_Adders>. This FF/Latch will be trimmed during the optimization process.
WARNING:Xst:1895 - Due to other FF/Latch trimming, FF/Latch <mod_register8bits5/O_7> (without init value) has a constant value of 0 in block <Mult_with_Adders>. This FF/Latch will be trimmed during the optimization process.
WARNING:Xst:1895 - Due to other FF/Latch trimming, FF/Latch <mod_register8bits4/O_7> (without init value) has a constant value of 0 in block <Mult_with_Adders>. This FF/Latch will be trimmed during the optimization process.
WARNING:Xst:1895 - Due to other FF/Latch trimming, FF/Latch <mod_register8bits4/O_2> (without init value) has a constant value of 0 in block <Mult_with_Adders>. This FF/Latch will be trimmed during the optimization process.
WARNING:Xst:1895 - Due to other FF/Latch trimming, FF/Latch <mod_register8bits4/O_1> (without init value) has a constant value of 0 in block <Mult_with_Adders>. This FF/Latch will be trimmed during the optimization process.
WARNING:Xst:1895 - Due to other FF/Latch trimming, FF/Latch <mod_register8bits4/O_0> (without init value) has a constant value of 0 in block <Mult_with_Adders>. This FF/Latch will be trimmed during the optimization process.

Mapping all equations...
Building and optimizing final netlist ...
Found area constraint ratio of 100 (+ 5) on block Mult_with_Adders, actual ratio is 0.

Final Macro Processing ...

=========================================================================
Final Register Report

Macro Statistics
# Registers                                            : 25
 Flip-Flops                                            : 25

=========================================================================

=========================================================================
*                           Partition Report                            *
=========================================================================

Partition Implementation Status
-------------------------------

  No Partitions were found in this design.

-------------------------------

=========================================================================
*                            Final Report                               *
=========================================================================
Final Results
RTL Top Level Output File Name     : Mult_with_Adders.ngr
Top Level Output File Name         : Mult_with_Adders
Output Format                      : NGC
Optimization Goal                  : Speed
Keep Hierarchy                     : No

Design Statistics
# IOs                              : 18

Cell Usage :
# BELS                             : 52
#      GND                         : 1
#      LUT2                        : 18
#      LUT3                        : 2
#      LUT4                        : 6
#      MUXCY                       : 8
#      MUXF5                       : 1
#      VCC                         : 1
#      XORCY                       : 15
# FlipFlops/Latches                : 25
#      FDRE                        : 25
# Clock Buffers                    : 1
#      BUFGP                       : 1
# IO Buffers                       : 17
#      IBUF                        : 9
#      OBUF                        : 8
=========================================================================

Device utilization summary:
---------------------------

Selected Device : 3s1000ft256-5 

 Number of Slices:                       22  out of   7680     0%  
 Number of Slice Flip Flops:             25  out of  15360     0%  
 Number of 4 input LUTs:                 26  out of  15360     0%  
 Number of IOs:                          18
 Number of bonded IOBs:                  18  out of    173    10%  
 Number of GCLKs:                         1  out of      8    12%  

---------------------------
Partition Resource Summary:
---------------------------

  No Partitions were found in this design.

---------------------------


=========================================================================
TIMING REPORT

NOTE: THESE TIMING NUMBERS ARE ONLY A SYNTHESIS ESTIMATE.
      FOR ACCURATE TIMING INFORMATION PLEASE REFER TO THE TRACE REPORT
      GENERATED AFTER PLACE-and-ROUTE.

Clock Information:
------------------
-----------------------------------+------------------------+-------+
Clock Signal                       | Clock buffer(FF name)  | Load  |
-----------------------------------+------------------------+-------+
clk                                | BUFGP                  | 25    |
-----------------------------------+------------------------+-------+

Asynchronous Control Signals Information:
----------------------------------------
No asynchronous control signals found in this design

Timing Summary:
---------------
Speed Grade: -5

   Minimum period: 3.644ns (Maximum Frequency: 274.397MHz)
   Minimum input arrival time before clock: 5.676ns
   Maximum output required time after clock: 9.058ns
   Maximum combinational path delay: No path found

Timing Detail:
--------------
All values displayed in nanoseconds (ns)

=========================================================================
Timing constraint: Default period analysis for Clock 'clk'
  Clock period: 3.644ns (frequency: 274.397MHz)
  Total number of paths / destination ports: 44 / 11
-------------------------------------------------------------------------
Delay:               3.644ns (Levels of Logic = 6)
  Source:            mod_register8bits1/O_2 (FF)
  Destination:       mod_register8bits5/O_6 (FF)
  Source Clock:      clk rising
  Destination Clock: clk rising

  Data Path: mod_register8bits1/O_2 to mod_register8bits5/O_6
                                Gate     Net
    Cell:in->out      fanout   Delay   Delay  Logical Name (Net Name)
    ----------------------------------------  ------------
     FDRE:C->Q             1   0.626   0.976  mod_register8bits1/O_2 (mod_register8bits1/O_2)
     LUT2:I0->O            1   0.479   0.000  mod_adder8b2/Madd_c_u_lut<2> (mod_adder8b2/Madd_c_u_lut<2>)
     MUXCY:S->O            1   0.435   0.000  mod_adder8b2/Madd_c_u_cy<2> (mod_adder8b2/Madd_c_u_cy<2>)
     MUXCY:CI->O           1   0.056   0.000  mod_adder8b2/Madd_c_u_cy<3> (mod_adder8b2/Madd_c_u_cy<3>)
     MUXCY:CI->O           1   0.056   0.000  mod_adder8b2/Madd_c_u_cy<4> (mod_adder8b2/Madd_c_u_cy<4>)
     MUXCY:CI->O           0   0.056   0.000  mod_adder8b2/Madd_c_u_cy<5> (mod_adder8b2/Madd_c_u_cy<5>)
     XORCY:CI->O           1   0.786   0.000  mod_adder8b2/Madd_c_u_xor<6> (y_3<6>)
     FDRE:D                    0.176          mod_register8bits5/O_6
    ----------------------------------------
    Total                      3.644ns (2.669ns logic, 0.976ns route)
                                       (73.2% logic, 26.8% route)

=========================================================================
Timing constraint: Default OFFSET IN BEFORE for Clock 'clk'
  Total number of paths / destination ports: 92 / 39
-------------------------------------------------------------------------
Offset:              5.676ns (Levels of Logic = 5)
  Source:            X<1> (PAD)
  Destination:       mod_register8bits2/O_5 (FF)
  Destination Clock: clk rising

  Data Path: X<1> to mod_register8bits2/O_5
                                Gate     Net
    Cell:in->out      fanout   Delay   Delay  Logical Name (Net Name)
    ----------------------------------------  ------------
     IBUF:I->O             5   0.715   1.078  X_1_IBUF (X_1_IBUF)
     LUT4:I0->O            1   0.479   0.000  mod_adder8b1/Madd_c_u_cy<2>11 (mod_adder8b1/Madd_c_u_cy<2>1)
     MUXF5:I1->O           2   0.314   0.915  mod_adder8b1/Madd_c_u_cy<2>1_f5 (mod_adder8b1/Madd_c_u_cy<2>)
     LUT4:I1->O            2   0.479   1.040  mod_adder8b1/Madd_c_u_cy<3>11 (mod_adder8b1/Madd_c_u_cy<3>)
     LUT3:I0->O            1   0.479   0.000  mod_adder8b1/Madd_c_u_cy<4>11 (mod_adder8b1/Madd_c_u_cy<4>)
     FDRE:D                    0.176          mod_register8bits2/O_5
    ----------------------------------------
    Total                      5.676ns (2.642ns logic, 3.034ns route)
                                       (46.5% logic, 53.5% route)

=========================================================================
Timing constraint: Default OFFSET OUT AFTER for Clock 'clk'
  Total number of paths / destination ports: 41 / 8
-------------------------------------------------------------------------
Offset:              9.058ns (Levels of Logic = 7)
  Source:            mod_register8bits4/O_3 (FF)
  Destination:       Z<7> (PAD)
  Source Clock:      clk rising

  Data Path: mod_register8bits4/O_3 to Z<7>
                                Gate     Net
    Cell:in->out      fanout   Delay   Delay  Logical Name (Net Name)
    ----------------------------------------  ------------
     FDRE:C->Q             1   0.626   0.976  mod_register8bits4/O_3 (mod_register8bits4/O_3)
     LUT2:I0->O            1   0.479   0.000  mod_adder8b3/Madd_c_u_lut<3> (mod_adder8b3/Madd_c_u_lut<3>)
     MUXCY:S->O            1   0.435   0.000  mod_adder8b3/Madd_c_u_cy<3> (mod_adder8b3/Madd_c_u_cy<3>)
     MUXCY:CI->O           1   0.056   0.000  mod_adder8b3/Madd_c_u_cy<4> (mod_adder8b3/Madd_c_u_cy<4>)
     MUXCY:CI->O           1   0.056   0.000  mod_adder8b3/Madd_c_u_cy<5> (mod_adder8b3/Madd_c_u_cy<5>)
     MUXCY:CI->O           0   0.056   0.000  mod_adder8b3/Madd_c_u_cy<6> (mod_adder8b3/Madd_c_u_cy<6>)
     XORCY:CI->O           1   0.786   0.681  mod_adder8b3/Madd_c_u_xor<7> (Z_7_OBUF)
     OBUF:I->O                 4.909          Z_7_OBUF (Z<7>)
    ----------------------------------------
    Total                      9.058ns (7.402ns logic, 1.657ns route)
                                       (81.7% logic, 18.3% route)

=========================================================================


Total REAL time to Xst completion: 3.00 secs
Total CPU time to Xst completion: 3.60 secs
 
--> 

Total memory usage is 4531984 kilobytes

Number of errors   :    0 (   0 filtered)
Number of warnings :   27 (   0 filtered)
Number of infos    :    0 (   0 filtered)

