Running: C:\Xilinx\14.1\ISE_DS\ISE\bin\nt64\unwrapped\fuse.exe -intstyle ise -incremental -o C:/hlocal/TOC/Lab4/tb_multiplier_isim_beh.exe -prj C:/hlocal/TOC/Lab4/tb_multiplier_beh.prj work.tb_multiplier 
ISim P.15xf (signature 0xc3576ebc)
Number of CPUs detected in this system: 8
Turning on mult-threading, number of parallel sub-compilation jobs: 16 
Determining compilation order of HDL files
Parsing VHDL file "C:/hlocal/TOC/Lab4/New folder/adder_std.vhd" into library work
Parsing VHDL file "C:/hlocal/TOC/Lab4/New folder/definitions.vhd" into library work
Parsing VHDL file "C:/hlocal/TOC/Lab4/New folder/asynch_reg.vhd" into library work
Parsing VHDL file "C:/hlocal/TOC/Lab4/New folder/adder_sub_std.vhd" into library work
Parsing VHDL file "C:/hlocal/TOC/Lab4/New folder/data_path.vhd" into library work
Parsing VHDL file "C:/hlocal/TOC/Lab4/New folder/controller.vhd" into library work
Parsing VHDL file "C:/hlocal/TOC/Lab4/ASM_multiplier.vhd" into library work
Parsing VHDL file "C:/hlocal/TOC/Lab4/tb_multiplier.vhd" into library work
Starting static elaboration
Completed static elaboration
Compiling package standard
Compiling package std_logic_1164
Compiling package numeric_std
Compiling package definitions
Compiling architecture arch_controller of entity controller [controller_default]
Compiling architecture arch_reg of entity asynch_reg [\asynch_reg(8)\]
Compiling architecture arch_reg of entity asynch_reg [\asynch_reg(4)\]
Compiling architecture rtl of entity adder [\adder(4)\]
Compiling architecture rtl of entity adder_sub [\adder_sub(4)\]
Compiling architecture rtl of entity adder [\adder(8)\]
Compiling architecture rtl of entity adder_sub [\adder_sub(8)\]
Compiling architecture arch_dp of entity data_path [data_path_default]
Compiling architecture arch_asm_mult of entity ASM_multiplier [asm_multiplier_default]
Compiling architecture beh of entity tb_multiplier
Time Resolution for simulation is 1ps.
Compiled 23 VHDL Units
Built simulation executable C:/hlocal/TOC/Lab4/tb_multiplier_isim_beh.exe
Fuse Memory Usage: 35132 KB
Fuse CPU Usage: 1140 ms
