Release 14.1 - xst P.15xf (nt64)
Copyright (c) 1995-2012 Xilinx, Inc.  All rights reserved.
--> Parameter TMPDIR set to xst/projnav.tmp


Total REAL time to Xst completion: 0.00 secs
Total CPU time to Xst completion: 0.11 secs
 
--> Parameter xsthdpdir set to xst


Total REAL time to Xst completion: 0.00 secs
Total CPU time to Xst completion: 0.11 secs
 
--> Reading design: Mult_with_Adders.prj

TABLE OF CONTENTS
  1) Synthesis Options Summary
  2) HDL Compilation
  3) Design Hierarchy Analysis
  4) HDL Analysis
  5) HDL Synthesis
     5.1) HDL Synthesis Report
  6) Advanced HDL Synthesis
     6.1) Advanced HDL Synthesis Report
  7) Low Level Synthesis
  8) Partition Report
  9) Final Report
	9.1) Device utilization summary
	9.2) Partition Resource Summary
	9.3) TIMING REPORT


=========================================================================
*                      Synthesis Options Summary                        *
=========================================================================
---- Source Parameters
Input File Name                    : "Mult_with_Adders.prj"
Input Format                       : mixed
Ignore Synthesis Constraint File   : NO

---- Target Parameters
Output File Name                   : "Mult_with_Adders"
Output Format                      : NGC
Target Device                      : xc3s1000-5-ft256

---- Source Options
Top Module Name                    : Mult_with_Adders
Automatic FSM Extraction           : YES
FSM Encoding Algorithm             : Auto
Safe Implementation                : No
FSM Style                          : LUT
RAM Extraction                     : Yes
RAM Style                          : Auto
ROM Extraction                     : Yes
Mux Style                          : Auto
Decoder Extraction                 : YES
Priority Encoder Extraction        : Yes
Shift Register Extraction          : YES
Logical Shifter Extraction         : YES
XOR Collapsing                     : YES
ROM Style                          : Auto
Mux Extraction                     : Yes
Resource Sharing                   : YES
Asynchronous To Synchronous        : NO
Multiplier Style                   : Auto
Automatic Register Balancing       : No

---- Target Options
Add IO Buffers                     : YES
Global Maximum Fanout              : 100000
Add Generic Clock Buffer(BUFG)     : 8
Register Duplication               : YES
Slice Packing                      : YES
Optimize Instantiated Primitives   : NO
Use Clock Enable                   : Yes
Use Synchronous Set                : Yes
Use Synchronous Reset              : Yes
Pack IO Registers into IOBs        : Auto
Equivalent register Removal        : YES

---- General Options
Optimization Goal                  : Speed
Optimization Effort                : 1
Keep Hierarchy                     : No
Netlist Hierarchy                  : As_Optimized
RTL Output                         : Yes
Global Optimization                : AllClockNets
Read Cores                         : YES
Write Timing Constraints           : NO
Cross Clock Analysis               : NO
Hierarchy Separator                : /
Bus Delimiter                      : <>
Case Specifier                     : Maintain
Slice Utilization Ratio            : 100
BRAM Utilization Ratio             : 100
Verilog 2001                       : YES
Auto BRAM Packing                  : NO
Slice Utilization Ratio Delta      : 5

=========================================================================


=========================================================================
*                          HDL Compilation                              *
=========================================================================
Compiling vhdl file "C:/hlocal/TOC/Lab3/adder8bits.vhd" in Library work.
Entity <adder8b> compiled.
Entity <adder8b> (Architecture <rtl>) compiled.
Compiling vhdl file "C:/hlocal/TOC/Lab3/Mult_with_Adders.vhd" in Library work.
Entity <Mult_with_Adders> compiled.
Entity <Mult_with_Adders> (Architecture <Behavioral>) compiled.

=========================================================================
*                     Design Hierarchy Analysis                         *
=========================================================================
Analyzing hierarchy for entity <Mult_with_Adders> in library <work> (architecture <Behavioral>).

Analyzing hierarchy for entity <adder8b> in library <work> (architecture <rtl>).


=========================================================================
*                            HDL Analysis                               *
=========================================================================
Analyzing Entity <Mult_with_Adders> in library <work> (Architecture <Behavioral>).
Entity <Mult_with_Adders> analyzed. Unit <Mult_with_Adders> generated.

Analyzing Entity <adder8b> in library <work> (Architecture <rtl>).
Entity <adder8b> analyzed. Unit <adder8b> generated.


=========================================================================
*                           HDL Synthesis                               *
=========================================================================

Performing bidirectional port resolution...

Synthesizing Unit <adder8b>.
    Related source file is "C:/hlocal/TOC/Lab3/adder8bits.vhd".
    Found 8-bit adder for signal <c_u>.
    Summary:
	inferred   1 Adder/Subtractor(s).
Unit <adder8b> synthesized.


Synthesizing Unit <Mult_with_Adders>.
    Related source file is "C:/hlocal/TOC/Lab3/Mult_with_Adders.vhd".
Unit <Mult_with_Adders> synthesized.


=========================================================================
HDL Synthesis Report

Macro Statistics
# Adders/Subtractors                                   : 3
 8-bit adder                                           : 3

=========================================================================

=========================================================================
*                       Advanced HDL Synthesis                          *
=========================================================================


=========================================================================
Advanced HDL Synthesis Report

Macro Statistics
# Adders/Subtractors                                   : 3
 8-bit adder                                           : 3

=========================================================================

=========================================================================
*                         Low Level Synthesis                           *
=========================================================================

Optimizing unit <Mult_with_Adders> ...

Mapping all equations...
Building and optimizing final netlist ...
Found area constraint ratio of 100 (+ 5) on block Mult_with_Adders, actual ratio is 0.

Final Macro Processing ...

=========================================================================
Final Register Report

Found no macro
=========================================================================

=========================================================================
*                           Partition Report                            *
=========================================================================

Partition Implementation Status
-------------------------------

  No Partitions were found in this design.

-------------------------------

=========================================================================
*                            Final Report                               *
=========================================================================
Final Results
RTL Top Level Output File Name     : Mult_with_Adders.ngr
Top Level Output File Name         : Mult_with_Adders
Output Format                      : NGC
Optimization Goal                  : Speed
Keep Hierarchy                     : No

Design Statistics
# IOs                              : 16

Cell Usage :
# BELS                             : 33
#      LUT2                        : 8
#      LUT3                        : 6
#      LUT4                        : 17
#      MUXF5                       : 2
# IO Buffers                       : 16
#      IBUF                        : 8
#      OBUF                        : 8
=========================================================================

Device utilization summary:
---------------------------

Selected Device : 3s1000ft256-5 

 Number of Slices:                       18  out of   7680     0%  
 Number of 4 input LUTs:                 31  out of  15360     0%  
 Number of IOs:                          16
 Number of bonded IOBs:                  16  out of    173     9%  

---------------------------
Partition Resource Summary:
---------------------------

  No Partitions were found in this design.

---------------------------


=========================================================================
TIMING REPORT

NOTE: THESE TIMING NUMBERS ARE ONLY A SYNTHESIS ESTIMATE.
      FOR ACCURATE TIMING INFORMATION PLEASE REFER TO THE TRACE REPORT
      GENERATED AFTER PLACE-and-ROUTE.

Clock Information:
------------------
No clock signals found in this design

Asynchronous Control Signals Information:
----------------------------------------
No asynchronous control signals found in this design

Timing Summary:
---------------
Speed Grade: -5

   Minimum period: No path found
   Minimum input arrival time before clock: No path found
   Maximum output required time after clock: No path found
   Maximum combinational path delay: 18.161ns

Timing Detail:
--------------
All values displayed in nanoseconds (ns)

=========================================================================
Timing constraint: Default path analysis
  Total number of paths / destination ports: 572 / 8
-------------------------------------------------------------------------
Delay:               18.161ns (Levels of Logic = 10)
  Source:            X<0> (PAD)
  Destination:       Z<7> (PAD)

  Data Path: X<0> to Z<7>
                                Gate     Net
    Cell:in->out      fanout   Delay   Delay  Logical Name (Net Name)
    ----------------------------------------  ------------
     IBUF:I->O             8   0.715   1.216  X_0_IBUF (X_0_IBUF)
     LUT2:I0->O            2   0.479   1.040  x_2_2_and00001 (x_2<2>)
     LUT4:I0->O            2   0.479   0.915  mod_adder8b2/Madd_c_uC11 (mod_adder8b2/Madd_c_uC1)
     LUT4:I1->O            3   0.479   1.066  mod_adder8b2/Madd_c_u_Madd_lut<3> (mod_adder8b2/Madd_c_u_Madd_lut<3>)
     LUT3:I0->O            2   0.479   0.915  mod_adder8b2/Madd_c_u_Madd_cy<3>11 (mod_adder8b2/Madd_c_u_Madd_cy<3>)
     LUT3:I1->O            2   0.479   0.915  mod_adder8b2/Madd_c_u_Madd_cy<4>11 (mod_adder8b2/Madd_c_u_Madd_cy<4>)
     LUT4:I1->O            2   0.479   1.040  mod_adder8b3/Madd_c_u_lut<5>1 (mod_adder8b3/Madd_c_u_lut<5>)
     LUT4:I0->O            2   0.479   0.915  mod_adder8b3/Madd_c_u_cy<5>11 (mod_adder8b3/Madd_c_u_cy<5>)
     LUT2:I1->O            1   0.479   0.681  mod_adder8b3/Madd_c_u_xor<6>11 (Z_6_OBUF)
     OBUF:I->O                 4.909          Z_6_OBUF (Z<6>)
    ----------------------------------------
    Total                     18.161ns (9.456ns logic, 8.705ns route)
                                       (52.1% logic, 47.9% route)

=========================================================================


Total REAL time to Xst completion: 5.00 secs
Total CPU time to Xst completion: 5.03 secs
 
--> 

Total memory usage is 4530056 kilobytes

Number of errors   :    0 (   0 filtered)
Number of warnings :    0 (   0 filtered)
Number of infos    :    0 (   0 filtered)

